Bossem Prototype/Library/Bee/Android/Prj/IL2CPP/Gradle/unityLibrary/build/intermediates/manifest_merge_blame_file/release/manifest-merger-blame-release-report.txt
1<?xml version="1.0" encoding="utf-8"?>
2<manifest xmlns:android="http://schemas.android.com/apk/res/android"
3    xmlns:tools="http://schemas.android.com/tools"
4    package="com.unity3d.player" >
5
6    <uses-sdk
7        android:minSdkVersion="22"
7-->src\main\AndroidManifest.xml
8        android:targetSdkVersion="31" />
8-->src\main\AndroidManifest.xml
9
10    <uses-feature android:glEsVersion="0x00030000" />
10-->src\main\AndroidManifest.xml:28:3-52
10-->src\main\AndroidManifest.xml:28:17-49
11
12    <uses-permission android:name="android.permission.INTERNET" />
12-->src\main\AndroidManifest.xml:29:3-65
12-->src\main\AndroidManifest.xml:29:20-62
13    <uses-permission android:name="android.permission.ACCESS_FINE_LOCATION" />
13-->src\main\AndroidManifest.xml:30:3-77
13-->src\main\AndroidManifest.xml:30:20-74
14    <uses-permission android:name="android.permission.ACCESS_COARSE_LOCATION" />
14-->src\main\AndroidManifest.xml:31:3-79
14-->src\main\AndroidManifest.xml:31:20-76
15
16    <uses-feature
16-->src\main\AndroidManifest.xml:32:3-89
17        android:name="android.hardware.location.gps"
17-->src\main\AndroidManifest.xml:32:17-61
18        android:required="false" />
18-->src\main\AndroidManifest.xml:32:62-86
19    <uses-feature
19-->src\main\AndroidManifest.xml:33:3-85
20        android:name="android.hardware.location"
20-->src\main\AndroidManifest.xml:33:17-57
21        android:required="false" />
21-->src\main\AndroidManifest.xml:33:58-82
22
23    <uses-permission android:name="android.permission.RECORD_AUDIO" />
23-->src\main\AndroidManifest.xml:34:3-69
23-->src\main\AndroidManifest.xml:34:20-66
24    <uses-permission android:name="android.permission.MODIFY_AUDIO_SETTINGS" />
24-->src\main\AndroidManifest.xml:35:3-78
24-->src\main\AndroidManifest.xml:35:20-75
25    <uses-permission android:name="android.permission.BLUETOOTH" />
25-->src\main\AndroidManifest.xml:36:3-66
25-->src\main\AndroidManifest.xml:36:20-63
26
27    <uses-feature
27-->src\main\AndroidManifest.xml:37:3-87
28        android:name="android.hardware.microphone"
28-->src\main\AndroidManifest.xml:37:17-59
29        android:required="false" />
29-->src\main\AndroidManifest.xml:37:60-84
30    <uses-feature
30-->src\main\AndroidManifest.xml:38:3-88
31        android:name="android.hardware.touchscreen"
31-->src\main\AndroidManifest.xml:38:17-60
32        android:required="false" />
32-->src\main\AndroidManifest.xml:38:61-85
33    <uses-feature
33-->src\main\AndroidManifest.xml:39:3-99
34        android:name="android.hardware.touchscreen.multitouch"
34-->src\main\AndroidManifest.xml:39:17-71
35        android:required="false" />
35-->src\main\AndroidManifest.xml:39:72-96
36    <uses-feature
36-->src\main\AndroidManifest.xml:40:3-108
37        android:name="android.hardware.touchscreen.multitouch.distinct"
37-->src\main\AndroidManifest.xml:40:17-80
38        android:required="false" />
38-->src\main\AndroidManifest.xml:40:81-105
39
40    <uses-permission android:name="android.permission.CAMERA" />
40-->src\main\AndroidManifest.xml:41:3-63
40-->src\main\AndroidManifest.xml:41:20-60
41    <uses-permission android:name="android.permission.READ_EXTERNAL_STORAGE" />
41-->src\main\AndroidManifest.xml:42:3-78
41-->src\main\AndroidManifest.xml:42:20-75
42
43    <queries>
43-->src\main\AndroidManifest.xml:43:3-45:13
44        <package android:name="com.google.ar.core" />
44-->src\main\AndroidManifest.xml:44:5-50
44-->src\main\AndroidManifest.xml:44:14-47
45    </queries>
46
47    <uses-permission
47-->src\main\AndroidManifest.xml:46:3-89
48        android:name="android.hardware.camera.ar"
48-->src\main\AndroidManifest.xml:46:20-61
49        android:required="false" />
49-->src\main\AndroidManifest.xml:46:62-86
50    <uses-permission
50-->src\main\AndroidManifest.xml:46:3-89
51        android:name="android.hardware.camera.ar"
51-->src\main\AndroidManifest.xml:46:20-61
52        android:required="false" />
52-->src\main\AndroidManifest.xml:46:62-86
53    <uses-permission
53-->src\main\AndroidManifest.xml:46:3-89
54        android:name="android.hardware.camera.ar"
54-->src\main\AndroidManifest.xml:46:20-61
55        android:required="false" />
55-->src\main\AndroidManifest.xml:46:62-86
56    <uses-permission
56-->src\main\AndroidManifest.xml:46:3-89
57        android:name="android.hardware.camera.ar"
57-->src\main\AndroidManifest.xml:46:20-61
58        android:required="false" />
58-->src\main\AndroidManifest.xml:46:62-86
59    <uses-permission
59-->src\main\AndroidManifest.xml:46:3-89
60        android:name="android.hardware.camera.ar"
60-->src\main\AndroidManifest.xml:46:20-61
61        android:required="false" />
61-->src\main\AndroidManifest.xml:46:62-86
62    <uses-permission
62-->src\main\AndroidManifest.xml:46:3-89
63        android:name="android.hardware.camera.ar"
63-->src\main\AndroidManifest.xml:46:20-61
64        android:required="false" />
64-->src\main\AndroidManifest.xml:46:62-86
65    <uses-permission
65-->src\main\AndroidManifest.xml:46:3-89
66        android:name="android.hardware.camera.ar"
66-->src\main\AndroidManifest.xml:46:20-61
67        android:required="false" />
67-->src\main\AndroidManifest.xml:46:62-86
68    <uses-permission
68-->src\main\AndroidManifest.xml:46:3-89
69        android:name="android.hardware.camera.ar"
69-->src\main\AndroidManifest.xml:46:20-61
70        android:required="false" />
70-->src\main\AndroidManifest.xml:46:62-86
71    <uses-permission
71-->src\main\AndroidManifest.xml:46:3-89
72        android:name="android.hardware.camera.ar"
72-->src\main\AndroidManifest.xml:46:20-61
73        android:required="false" />
73-->src\main\AndroidManifest.xml:46:62-86
74    <uses-permission
74-->src\main\AndroidManifest.xml:46:3-89
75        android:name="android.hardware.camera.ar"
75-->src\main\AndroidManifest.xml:46:20-61
76        android:required="false" />
76-->src\main\AndroidManifest.xml:46:62-86
77
78    <application android:extractNativeLibs="true" >
78-->src\main\AndroidManifest.xml:3:3-27:17
78-->src\main\AndroidManifest.xml:3:16-48
79        <activity
79-->src\main\AndroidManifest.xml:4:5-11:16
80            android:name="com.unity3d.player.UnityPlayerActivity"
80-->src\main\AndroidManifest.xml:4:15-68
81            android:configChanges="mcc|mnc|locale|touchscreen|keyboard|keyboardHidden|navigation|orientation|screenLayout|uiMode|screenSize|smallestScreenSize|fontScale|layoutDirection|density"
81-->src\main\AndroidManifest.xml:4:180-361
82            android:exported="true"
82-->src\main\AndroidManifest.xml:4:433-456
83            android:hardwareAccelerated="false"
83-->src\main\AndroidManifest.xml:4:397-432
84            android:launchMode="singleTask"
84-->src\main\AndroidManifest.xml:4:148-179
85            android:resizeableActivity="false"
85-->src\main\AndroidManifest.xml:4:362-396
86            android:screenOrientation="fullUser"
86-->src\main\AndroidManifest.xml:4:111-147
87            android:theme="@style/UnityThemeSelector" >
87-->src\main\AndroidManifest.xml:4:69-110
88            <intent-filter>
88-->src\main\AndroidManifest.xml:5:7-8:23
89                <action android:name="android.intent.action.MAIN" />
89-->src\main\AndroidManifest.xml:6:9-61
89-->src\main\AndroidManifest.xml:6:17-58
90
91                <category android:name="android.intent.category.LAUNCHER" />
91-->src\main\AndroidManifest.xml:7:9-69
91-->src\main\AndroidManifest.xml:7:19-66
92            </intent-filter>
93
94            <meta-data
94-->src\main\AndroidManifest.xml:9:7-82
95                android:name="unityplayer.UnityActivity"
95-->src\main\AndroidManifest.xml:9:18-58
96                android:value="true" />
96-->src\main\AndroidManifest.xml:9:59-79
97            <meta-data
97-->src\main\AndroidManifest.xml:10:7-78
98                android:name="android.notch_support"
98-->src\main\AndroidManifest.xml:10:18-54
99                android:value="true" />
99-->src\main\AndroidManifest.xml:10:55-75
100        </activity>
101
102        <meta-data
102-->src\main\AndroidManifest.xml:12:5-69
103            android:name="unity.splash-mode"
103-->src\main\AndroidManifest.xml:12:16-48
104            android:value="0" />
104-->src\main\AndroidManifest.xml:12:49-66
105        <meta-data
105-->src\main\AndroidManifest.xml:13:5-74
106            android:name="unity.splash-enable"
106-->src\main\AndroidManifest.xml:13:16-50
107            android:value="True" />
107-->src\main\AndroidManifest.xml:13:51-71
108        <meta-data
108-->src\main\AndroidManifest.xml:14:5-78
109            android:name="unity.launch-fullscreen"
109-->src\main\AndroidManifest.xml:14:16-54
110            android:value="True" />
110-->src\main\AndroidManifest.xml:14:55-75
111        <meta-data
111-->src\main\AndroidManifest.xml:15:5-84
112            android:name="unity.allow-resizable-window"
112-->src\main\AndroidManifest.xml:15:16-59
113            android:value="False" />
113-->src\main\AndroidManifest.xml:15:60-81
114        <meta-data
114-->src\main\AndroidManifest.xml:16:5-81
115            android:name="notch.config"
115-->src\main\AndroidManifest.xml:16:16-43
116            android:value="portrait|landscape" />
116-->src\main\AndroidManifest.xml:16:44-78
117
118        <receiver
118-->src\main\AndroidManifest.xml:17:5-113
119            android:name="com.unity.androidnotifications.UnityNotificationManager"
119-->src\main\AndroidManifest.xml:17:15-85
120            android:exported="false" />
120-->src\main\AndroidManifest.xml:17:86-110
121        <receiver
121-->src\main\AndroidManifest.xml:18:5-22:16
122            android:name="com.unity.androidnotifications.UnityNotificationRestartOnBootReceiver"
122-->src\main\AndroidManifest.xml:18:15-99
123            android:enabled="false"
123-->src\main\AndroidManifest.xml:18:100-123
124            android:exported="false" >
124-->src\main\AndroidManifest.xml:18:124-148
125            <intent-filter>
125-->src\main\AndroidManifest.xml:19:7-21:23
126                <action android:name="android.intent.action.BOOT_COMPLETED" />
126-->src\main\AndroidManifest.xml:20:9-71
126-->src\main\AndroidManifest.xml:20:17-68
127            </intent-filter>
128        </receiver>
129
130        <uses-native-library
130-->src\main\AndroidManifest.xml:23:5-87
131            android:name="libOpenCL-pixel.so"
131-->src\main\AndroidManifest.xml:23:26-59
132            android:required="false" />
132-->src\main\AndroidManifest.xml:23:60-84
133        <uses-native-library
133-->src\main\AndroidManifest.xml:23:5-87
134            android:name="libOpenCL.so"
134-->src\main\AndroidManifest.xml:23:26-59
135            android:required="false" />
135-->src\main\AndroidManifest.xml:23:60-84
136
137        <activity
137-->src\main\AndroidManifest.xml:25:5-194
138            android:name="com.google.ar.core.InstallActivity"
138-->src\main\AndroidManifest.xml:25:15-64
139            android:configChanges="keyboardHidden|orientation|screenSize"
139-->src\main\AndroidManifest.xml:25:65-126
140            android:excludeFromRecents="true"
140-->src\main\AndroidManifest.xml:25:127-160
141            android:launchMode="singleTop" />
141-->src\main\AndroidManifest.xml:25:161-191
142
143        <meta-data
143-->src\main\AndroidManifest.xml:26:5-77
144            android:name="com.google.ar.core"
144-->src\main\AndroidManifest.xml:26:16-49
145            android:value="optional" />
145-->src\main\AndroidManifest.xml:26:50-74
146    </application>
147
148</manifest>